<?xml version="1.0" encoding="UTF-8"?>
<!-- Generated by org.testng.reporters.JUnitXMLReporter -->
<testsuite hostname="EG5CG8352HYY" ignored="0" name="Default test" tests="2" failures="0" timestamp="20 Nov 2020 22:57:55 GMT" time="40.962" errors="0">
  <testcase name="verifyUserSignedInSuccessfully" time="16.945" classname="com.TestCases.CartCheckoutTCs"/>
  <testcase name="verifyOrderCheckedoutSuccessfully" time="23.889" classname="com.TestCases.CartCheckoutTCs"/>
</testsuite> <!-- Default test -->
