<?xml version="1.0" encoding="UTF-8"?>
<testng-results skipped="0" failed="0" ignored="0" total="2" passed="2">
  <reporter-output>
  </reporter-output>
  <suite name="Default suite" duration-ms="40962" started-at="2020-11-20T22:57:14Z" finished-at="2020-11-20T22:57:55Z">
    <groups>
    </groups>
    <test name="Default test" duration-ms="40962" started-at="2020-11-20T22:57:14Z" finished-at="2020-11-20T22:57:55Z">
      <class name="com.TestCases.CartCheckoutTCs">
        <test-method status="PASS" signature="beforeMethod()[pri:0, instance:com.TestCases.CartCheckoutTCs@446a1e84]" name="beforeMethod" is-config="true" duration-ms="64" started-at="2020-11-20T22:57:14Z" finished-at="2020-11-20T22:57:14Z">
          <reporter-output>
          </reporter-output>
        </test-method> <!-- beforeMethod -->
        <test-method status="PASS" signature="verifyUserSignedInSuccessfully()[pri:1, instance:com.TestCases.CartCheckoutTCs@446a1e84]" name="verifyUserSignedInSuccessfully" duration-ms="16945" started-at="2020-11-20T22:57:14Z" finished-at="2020-11-20T22:57:31Z">
          <reporter-output>
          </reporter-output>
        </test-method> <!-- verifyUserSignedInSuccessfully -->
        <test-method status="PASS" signature="verifyOrderCheckedoutSuccessfully()[pri:2, instance:com.TestCases.CartCheckoutTCs@446a1e84]" name="verifyOrderCheckedoutSuccessfully" duration-ms="23889" started-at="2020-11-20T22:57:31Z" finished-at="2020-11-20T22:57:55Z">
          <reporter-output>
          </reporter-output>
        </test-method> <!-- verifyOrderCheckedoutSuccessfully -->
      </class> <!-- com.TestCases.CartCheckoutTCs -->
    </test> <!-- Default test -->
  </suite> <!-- Default suite -->
</testng-results>
